[debug] [2022-06-25T12:26:53.389Z] ----------------------------------------------------------------------
[debug] [2022-06-25T12:26:53.397Z] Command:       D:\Installed Apps\node.exe C:\Users\User.DESKTOP-9OAHK4D\AppData\Roaming\npm\node_modules\firebase-tools\lib\bin\firebase.js deploy
[debug] [2022-06-25T12:26:53.398Z] CLI Version:   11.0.1
[debug] [2022-06-25T12:26:53.398Z] Platform:      win32
[debug] [2022-06-25T12:26:53.398Z] Node Version:  v17.9.0
[debug] [2022-06-25T12:26:53.400Z] Time:          Sat Jun 25 2022 18:26:53 GMT+0600 (Bangladesh Standard Time)
[debug] [2022-06-25T12:26:53.401Z] ----------------------------------------------------------------------
[debug] 
[debug] [2022-06-25T12:26:53.518Z] > command requires scopes: ["email","openid","https://www.googleapis.com/auth/cloudplatformprojects.readonly","https://www.googleapis.com/auth/firebase","https://www.googleapis.com/auth/cloud-platform"]
[debug] [2022-06-25T12:26:53.519Z] > authorizing via signed-in user (hadiuzzaman527@gmail.com)
[debug] [2022-06-25T12:26:53.520Z] [iam] checking project bike-bones for permissions ["firebase.projects.get","firebasehosting.sites.update"]
[debug] [2022-06-25T12:26:53.522Z] >>> [apiv2][query] POST https://cloudresourcemanager.googleapis.com/v1/projects/bike-bones:testIamPermissions [none]
[debug] [2022-06-25T12:26:53.522Z] >>> [apiv2][body] POST https://cloudresourcemanager.googleapis.com/v1/projects/bike-bones:testIamPermissions {"permissions":["firebase.projects.get","firebasehosting.sites.update"]}
[debug] [2022-06-25T12:27:05.673Z] [iam] error while checking permissions, command may fail: FirebaseError: Failed to make request to https://cloudresourcemanager.googleapis.com/v1/projects/bike-bones:testIamPermissions
[debug] [2022-06-25T12:27:05.676Z] >>> [apiv2][query] GET https://firebase.googleapis.com/v1beta1/projects/bike-bones [none]
[debug] [2022-06-25T12:27:17.743Z] Failed to make request to https://firebase.googleapis.com/v1beta1/projects/bike-bones
[debug] [2022-06-25T12:27:17.776Z] FirebaseError: Failed to make request to https://firebase.googleapis.com/v1beta1/projects/bike-bones
    at RetryOperation._fn (C:\Users\User.DESKTOP-9OAHK4D\AppData\Roaming\npm\node_modules\firebase-tools\lib\apiv2.js:240:31)
    at processTicksAndRejections (node:internal/process/task_queues:96:5)
[error] 
[error] Error: Failed to get Firebase project bike-bones. Please make sure the project exists and your account has permission to access it.
